<?xml version="1.0" encoding="UTF-8"?>
<!-- Generated by org.testng.reporters.JUnitReportReporter -->
<testsuite hostname="LAPTOP-SHD00AJ7" failures="0" tests="1" name="BDD.Cucumber.TestRunner" time="9.965" errors="0" timestamp="2024-02-27T10:41:41 IST" skipped="0">
  <testcase classname="BDD.Cucumber.TestRunner" name="runScenario" time="9.965"/>
  <system-out/>
</testsuite> <!-- BDD.Cucumber.TestRunner -->
